<?xml version="1.0" encoding="UTF-8"?>
<testsuite name="MusicAdvisorTest" tests="1" skipped="0" failures="0" errors="0" timestamp="2021-08-30T02:21:05" hostname="LAPTOP-6KFVJICR" time="11.21">
  <properties/>
  <testcase name="start" classname="MusicAdvisorTest" time="11.21"/>
  <system-out><![CDATA[?[1;31m
Start test 1?[0m
> auth
use this link to request the access code:
http://127.0.0.1:45678/authorize?client_id=90770ed733ad4370b45609904f61e0c8&redirect_uri=http://localhost:8080&response_type=code

waiting for code...
Tester: making requests to redirect uri: http://localhost:8080
null
Tester: done request 1: Authorization code not found. Try again.
error=access_denied
Tester: done request 2: Authorization code not found. Try again.
code=123123
code received
Tester: done request 3: Got the code. Return back to your program.
making http request for access_token...
response:
{"access_token":"456456","token_type":"Bearer","expires_in":3600,"refresh_token":"567567","scope":""}

---SUCCESS---
> featured
---FEATURED---
Mellow Morning
Wake Up and Smell the Coffee
Monday Motivation
Songs to Sing in the Shower
> exit
---GOODBYE!---
?[1;31m
Start test 2?[0m
> featured
Please, provide access for application.
> exit
---GOODBYE!---
?[1;31m
Start test 3?[0m
> new
Please, provide access for application.
> exit
---GOODBYE!---
]]></system-out>
  <system-err><![CDATA[]]></system-err>
</testsuite>
